d:\stride\shared\horizon\vs\horizon\debug\vc143.pdb
d:\stride\shared\horizon\vs\horizon\debug\vc143.idb
d:\stride\shared\horizon\vs\horizon\debug\guidropdownmenu.obj
d:\stride\shared\horizon\vs\horizon\debug\guibutton.obj
d:\stride\shared\horizon\vs\horizon\debug\guibase.obj
d:\stride\shared\horizon\vs\horizon\debug\gui.obj
d:\stride\shared\horizon\vs\horizon\debug\editmodel.obj
d:\stride\shared\horizon\vs\horizon\debug\guiwindows.obj
d:\stride\shared\horizon\vs\horizon\debug\commands.obj
d:\stride\shared\horizon\vs\horizon\debug\picker.obj
d:\stride\shared\horizon\vs\horizon\debug\gui_texturebrowser.obj
d:\stride\shared\horizon\vs\horizon\debug\gui_table.obj
d:\stride\shared\horizon\vs\horizon\debug\gui_filedialog.obj
d:\stride\shared\horizon\vs\horizon\debug\console.obj
d:\stride\shared\horizon\vs\horizon\debug\map_editor.obj
d:\stride\shared\horizon\vs\horizon\debug\tool_place.obj
d:\stride\shared\horizon\vs\horizon\debug\tool_edit.obj
d:\stride\shared\horizon\vs\horizon\debug\tool.obj
d:\stride\shared\horizon\vs\horizon\debug\gui_editor.obj
d:\stride\shared\horizon\vs\horizon\debug\editor2.obj
d:\stride\shared\horizon\vs\horizon\debug\tinyxml2.obj
d:\stride\shared\horizon\vs\horizon\debug\glm.obj
d:\stride\shared\horizon\vs\horizon\debug\global_vars.obj
d:\stride\shared\horizon\vs\horizon\debug\textureloader.obj
d:\stride\shared\horizon\vs\horizon\debug\imageloader.obj
d:\stride\shared\horizon\vs\horizon\debug\fontloader.obj
d:\stride\shared\horizon\vs\horizon\debug\mouse.obj
d:\stride\shared\horizon\vs\horizon\debug\keybinds.obj
d:\stride\shared\horizon\vs\horizon\debug\input.obj
d:\stride\shared\horizon\vs\horizon\debug\gui_types.obj
d:\stride\shared\horizon\vs\horizon\debug\gui_property.obj
d:\stride\shared\horizon\vs\horizon\debug\gui_internal.obj
d:\stride\shared\horizon\vs\horizon\debug\guiwindow.obj
d:\stride\shared\horizon\vs\horizon\debug\guitextentry.obj
d:\stride\shared\horizon\vs\horizon\debug\guiselectable.obj
d:\stride\shared\horizon\vs\horizon\debug\guiscrollbar.obj
d:\stride\shared\horizon\vs\horizon\debug\guirenderer_default.obj
d:\stride\shared\horizon\vs\horizon\debug\guirenderer.obj
d:\stride\shared\horizon\vs\horizon\debug\guilabel.obj
d:\stride\shared\horizon\vs\horizon\debug\guiimage.obj
d:\stride\shared\horizon\vs\horizon\debug\guigrid.obj
d:\stride\shared\horizon\vs\horizon\debug\guiframe.obj
d:\stride\shared\horizon\vs\horizon\debug\model.obj
d:\stride\shared\horizon\vs\horizon\debug\fonts.obj
d:\stride\shared\horizon\vs\horizon\debug\bitmap.obj
d:\stride\shared\horizon\vs\horizon\debug\atlas.obj
d:\stride\shared\horizon\vs\horizon\debug\rmodel.obj
d:\stride\shared\horizon\vs\horizon\debug\renderlayer.obj
d:\stride\shared\horizon\vs\horizon\debug\rendercommand.obj
d:\stride\shared\horizon\vs\horizon\debug\render.obj
d:\stride\shared\horizon\vs\horizon\debug\printw.obj
d:\stride\shared\horizon\vs\horizon\debug\painthelper.obj
d:\stride\shared\horizon\vs\horizon\debug\paint.obj
d:\stride\shared\horizon\vs\horizon\debug\camera.obj
d:\stride\shared\horizon\vs\horizon\debug\window.obj
d:\stride\shared\horizon\vs\horizon\debug\pipe.obj
d:\stride\shared\horizon\vs\horizon\debug\file.obj
d:\stride\shared\horizon\vs\horizon\debug\vec.obj
d:\stride\shared\horizon\vs\horizon\debug\simplemath.obj
d:\stride\shared\horizon\vs\horizon\debug\geometry.obj
d:\stride\shared\horizon\vs\horizon\debug\fancymath.obj
d:\stride\shared\horizon\vs\horizon\debug\main.obj
d:\stride\shared\horizon\vs\horizon\debug\util.obj
d:\stride\shared\horizon\vs\horizon\debug\timer.obj
d:\stride\shared\horizon\vs\horizon\debug\stringutils.obj
d:\stride\shared\horizon\vs\horizon\debug\paramlist.obj
d:\stride\shared\horizon\vs\horizon\debug\hook.obj
d:\stride\shared\horizon\vs\horizon\debug\event.obj
d:\stride\shared\horizon\vs\horizon\debug\elastic_ptr.obj
d:\stride\shared\horizon\vs\horizon\debug\debug.obj
d:\stride\shared\horizon\vs\horizon\debug\threads.obj
d:\stride\shared\horizon\vs\horizon\debug\texture.obj
d:\stride\shared\horizon\vs\horizon\debug\resource.obj
d:\stride\shared\horizon\bin\horizon.exe
d:\stride\shared\horizon\bin\horizon.pdb
d:\stride\shared\horizon\vs\horizon\debug\..\..\..\bin\horizon.pdb
d:\stride\shared\horizon\vs\horizon\debug\horizon.tlog\cl.command.1.tlog
d:\stride\shared\horizon\vs\horizon\debug\horizon.tlog\cl.read.1.tlog
d:\stride\shared\horizon\vs\horizon\debug\horizon.tlog\cl.write.1.tlog
d:\stride\shared\horizon\vs\horizon\debug\horizon.tlog\link.command.1.tlog
d:\stride\shared\horizon\vs\horizon\debug\horizon.tlog\link.read.1.tlog
d:\stride\shared\horizon\vs\horizon\debug\horizon.tlog\link.write.1.tlog
