e:\stride\horizon\vs\horizonrender\debug\vc143.pdb
e:\stride\horizon\vs\horizonrender\debug\vc143.idb
e:\stride\horizon\vs\horizonrender\debug\gpudriveropenglcommands.obj
e:\stride\horizon\vs\horizonrender\debug\global_vars_render.obj
e:\stride\horizon\vs\horizonrender\debug\rmodel.obj
e:\stride\horizon\vs\horizonrender\debug\renderlow.obj
e:\stride\horizon\vs\horizonrender\debug\renderlayer.obj
e:\stride\horizon\vs\horizonrender\debug\rendercommand.obj
e:\stride\horizon\vs\horizonrender\debug\printw.obj
e:\stride\horizon\vs\horizonrender\debug\paint.obj
e:\stride\horizon\vs\horizonrender\debug\gpudriversoftcommands.obj
e:\stride\horizon\vs\horizonrender\debug\gpudriversoft.obj
e:\stride\horizon\vs\horizonrender\debug\gpudriveropengl.obj
e:\stride\horizon\vs\horizonrender\debug\camera.obj
e:\stride\horizon\vs\horizonrender\debug\main.obj
e:\stride\horizon\vs\horizonrender\debug\dllmain_render.obj
e:\stride\horizon\vs\horizonrender\debug\editmodel.obj
e:\stride\horizon\vs\horizonrender\debug\renderstate.obj
e:\stride\horizon\bin\horizonrender.dll
e:\stride\horizon\bin\horizonrender.pdb
e:\stride\horizon\bin\horizonrender.lib
e:\stride\horizon\bin\horizonrender.exp
e:\stride\horizon\vs\horizonrender\debug\horizonrender.ilk
e:\stride\horizon\vs\horizonrender\debug\horizonrender.tlog\cl.command.1.tlog
e:\stride\horizon\vs\horizonrender\debug\horizonrender.tlog\cl.items.tlog
e:\stride\horizon\vs\horizonrender\debug\horizonrender.tlog\cl.read.1.tlog
e:\stride\horizon\vs\horizonrender\debug\horizonrender.tlog\cl.write.1.tlog
e:\stride\horizon\vs\horizonrender\debug\horizonrender.tlog\link.command.1.tlog
e:\stride\horizon\vs\horizonrender\debug\horizonrender.tlog\link.read.1.tlog
e:\stride\horizon\vs\horizonrender\debug\horizonrender.tlog\link.secondary.1.tlog
e:\stride\horizon\vs\horizonrender\debug\horizonrender.tlog\link.write.1.tlog
