  RenderState.cpp
D:\Stride\horizon\VS\horizonUtil\code\include\math\vec.h(83,7): warning C4251: 'rect::start': struct 'glm::tvec2<float,glm::packed_highp>' needs to have dll-interface to be used by clients of struct 'rect'
D:\Stride\horizon\VS\horizonUtil\code\include\Ext\glm\detail\type_vec.hpp(133,10): message : see declaration of 'glm::tvec2<float,glm::packed_highp>'
D:\Stride\horizon\VS\horizonUtil\code\include\math\vec.h(84,7): warning C4251: 'rect::end': struct 'glm::tvec2<float,glm::packed_highp>' needs to have dll-interface to be used by clients of struct 'rect'
D:\Stride\horizon\VS\horizonUtil\code\include\Ext\glm\detail\type_vec.hpp(133,10): message : see declaration of 'glm::tvec2<float,glm::packed_highp>'
D:\Stride\horizon\VS\horizonUtil\code\include\math\vec.h(85,7): warning C4251: 'rect::size': struct 'glm::tvec2<float,glm::packed_highp>' needs to have dll-interface to be used by clients of struct 'rect'
D:\Stride\horizon\VS\horizonUtil\code\include\Ext\glm\detail\type_vec.hpp(133,10): message : see declaration of 'glm::tvec2<float,glm::packed_highp>'
D:\Stride\horizon\VS\horizonUtil\code\include\math\vec.h(113,7): warning C4251: 'AABB::start': struct 'glm::tvec3<float,glm::packed_highp>' needs to have dll-interface to be used by clients of struct 'AABB'
D:\Stride\horizon\VS\horizonUtil\code\include\Ext\glm\detail\type_vec.hpp(243,10): message : see declaration of 'glm::tvec3<float,glm::packed_highp>'
D:\Stride\horizon\VS\horizonUtil\code\include\math\vec.h(114,7): warning C4251: 'AABB::end': struct 'glm::tvec3<float,glm::packed_highp>' needs to have dll-interface to be used by clients of struct 'AABB'
D:\Stride\horizon\VS\horizonUtil\code\include\Ext\glm\detail\type_vec.hpp(243,10): message : see declaration of 'glm::tvec3<float,glm::packed_highp>'
D:\Stride\horizon\VS\horizonUtil\code\include\math\vec.h(115,7): warning C4251: 'AABB::size': struct 'glm::tvec3<float,glm::packed_highp>' needs to have dll-interface to be used by clients of struct 'AABB'
D:\Stride\horizon\VS\horizonUtil\code\include\Ext\glm\detail\type_vec.hpp(243,10): message : see declaration of 'glm::tvec3<float,glm::packed_highp>'
D:\Stride\horizon\VS\horizonResource\code\include\resource\fonts.h(20,9): warning C4251: 'font::name': class 'std::basic_string<char,std::char_traits<char>,std::allocator<char>>' needs to have dll-interface to be used by clients of struct 'font'
C:\Program Files\Microsoft Visual Studio\2022\Community\VC\Tools\MSVC\14.34.31933\include\xstring(5294,17): message : see declaration of 'std::basic_string<char,std::char_traits<char>,std::allocator<char>>'
D:\Stride\horizon\VS\horizonResource\code\include\resource\fonts.h(22,18): warning C4251: 'font::charmap': class 'std::map<char,glyph,std::less<char>,std::allocator<std::pair<const char,glyph>>>' needs to have dll-interface to be used by clients of struct 'font'
D:\Stride\horizon\VS\horizonResource\code\include\resource\fonts.h(22,2): message : see declaration of 'std::map<char,glyph,std::less<char>,std::allocator<std::pair<const char,glyph>>>'
D:\Stride\horizon\VS\horizonRender\code\include\render\RenderState.h(13,7): warning C4251: 'RenderState::textPos': struct 'glm::tvec2<float,glm::packed_highp>' needs to have dll-interface to be used by clients of struct 'RenderState'
D:\Stride\horizon\VS\horizonUtil\code\include\Ext\glm\detail\type_vec.hpp(133,10): message : see declaration of 'glm::tvec2<float,glm::packed_highp>'
D:\Stride\horizon\VS\horizonRender\code\include\render\RenderState.h(14,7): warning C4251: 'RenderState::pos': struct 'glm::tvec3<float,glm::packed_highp>' needs to have dll-interface to be used by clients of struct 'RenderState'
D:\Stride\horizon\VS\horizonUtil\code\include\Ext\glm\detail\type_vec.hpp(243,10): message : see declaration of 'glm::tvec3<float,glm::packed_highp>'
D:\Stride\horizon\VS\horizonRender\code\include\render\RenderState.h(15,7): warning C4251: 'RenderState::rot': struct 'glm::tvec3<float,glm::packed_highp>' needs to have dll-interface to be used by clients of struct 'RenderState'
D:\Stride\horizon\VS\horizonUtil\code\include\Ext\glm\detail\type_vec.hpp(243,10): message : see declaration of 'glm::tvec3<float,glm::packed_highp>'
D:\Stride\horizon\VS\horizonRender\code\include\render\RenderState.h(16,7): warning C4251: 'RenderState::scale': struct 'glm::tvec3<float,glm::packed_highp>' needs to have dll-interface to be used by clients of struct 'RenderState'
D:\Stride\horizon\VS\horizonUtil\code\include\Ext\glm\detail\type_vec.hpp(243,10): message : see declaration of 'glm::tvec3<float,glm::packed_highp>'
D:\Stride\horizon\VS\horizonRender\code\include\render\RenderState.h(17,7): warning C4251: 'RenderState::VP': struct 'glm::tmat4x4<float,glm::packed_highp>' needs to have dll-interface to be used by clients of struct 'RenderState'
D:\Stride\horizon\VS\horizonUtil\code\include\Ext\glm\detail\type_mat.hpp(304,10): message : see declaration of 'glm::tmat4x4<float,glm::packed_highp>'
D:\Stride\horizon\VS\horizonRender\code\include\render\RenderState.h(18,7): warning C4251: 'RenderState::camPos': struct 'glm::tvec3<float,glm::packed_highp>' needs to have dll-interface to be used by clients of struct 'RenderState'
D:\Stride\horizon\VS\horizonUtil\code\include\Ext\glm\detail\type_vec.hpp(243,10): message : see declaration of 'glm::tvec3<float,glm::packed_highp>'
D:\Stride\horizon\VS\horizonRender\code\include\render\RenderState.h(29,7): warning C4251: 'RenderState::texture_pos': struct 'glm::tvec2<float,glm::packed_highp>' needs to have dll-interface to be used by clients of struct 'RenderState'
D:\Stride\horizon\VS\horizonUtil\code\include\Ext\glm\detail\type_vec.hpp(133,10): message : see declaration of 'glm::tvec2<float,glm::packed_highp>'
D:\Stride\horizon\VS\horizonRender\code\include\render\RenderState.h(30,7): warning C4251: 'RenderState::texture_scale': struct 'glm::tvec2<float,glm::packed_highp>' needs to have dll-interface to be used by clients of struct 'RenderState'
D:\Stride\horizon\VS\horizonUtil\code\include\Ext\glm\detail\type_vec.hpp(133,10): message : see declaration of 'glm::tvec2<float,glm::packed_highp>'
D:\Stride\horizon\VS\horizonRender\code\include\render\RenderState.h(33,7): warning C4251: 'RenderState::color': struct 'glm::tvec3<float,glm::packed_highp>' needs to have dll-interface to be used by clients of struct 'RenderState'
D:\Stride\horizon\VS\horizonUtil\code\include\Ext\glm\detail\type_vec.hpp(243,10): message : see declaration of 'glm::tvec3<float,glm::packed_highp>'
D:\Stride\horizon\VS\horizonRender\code\include\render\RenderState.h(39,7): warning C4251: 'RenderState::sun_pos': struct 'glm::tvec3<float,glm::packed_highp>' needs to have dll-interface to be used by clients of struct 'RenderState'
D:\Stride\horizon\VS\horizonUtil\code\include\Ext\glm\detail\type_vec.hpp(243,10): message : see declaration of 'glm::tvec3<float,glm::packed_highp>'
D:\Stride\horizon\VS\horizonRender\code\include\render\RenderState.h(40,7): warning C4251: 'RenderState::sun_light_color': struct 'glm::tvec3<float,glm::packed_highp>' needs to have dll-interface to be used by clients of struct 'RenderState'
D:\Stride\horizon\VS\horizonUtil\code\include\Ext\glm\detail\type_vec.hpp(243,10): message : see declaration of 'glm::tvec3<float,glm::packed_highp>'
D:\Stride\horizon\VS\horizonRender\code\include\render\RenderState.h(41,7): warning C4251: 'RenderState::ambient_light_color': struct 'glm::tvec3<float,glm::packed_highp>' needs to have dll-interface to be used by clients of struct 'RenderState'
D:\Stride\horizon\VS\horizonUtil\code\include\Ext\glm\detail\type_vec.hpp(243,10): message : see declaration of 'glm::tvec3<float,glm::packed_highp>'
D:\Stride\horizon\VS\horizonRender\code\include\render\RenderState.h(55,22): warning C4251: 'RenderStateStack::stack': class 'std::vector<RenderState,std::allocator<RenderState>>' needs to have dll-interface to be used by clients of struct 'RenderStateStack'
D:\Stride\horizon\VS\horizonRender\code\include\render\RenderState.h(55,2): message : see declaration of 'std::vector<RenderState,std::allocator<RenderState>>'
D:\Stride\horizon\VS\horizonRender\code\include\render\camera.h(10,7): warning C4251: 'camprojection::MVP': struct 'glm::tmat4x4<float,glm::packed_highp>' needs to have dll-interface to be used by clients of struct 'camprojection'
D:\Stride\horizon\VS\horizonUtil\code\include\Ext\glm\detail\type_mat.hpp(304,10): message : see declaration of 'glm::tmat4x4<float,glm::packed_highp>'
D:\Stride\horizon\VS\horizonRender\code\include\render\camera.h(11,7): warning C4251: 'camprojection::pos': struct 'glm::tvec3<float,glm::packed_highp>' needs to have dll-interface to be used by clients of struct 'camprojection'
D:\Stride\horizon\VS\horizonUtil\code\include\Ext\glm\detail\type_vec.hpp(243,10): message : see declaration of 'glm::tvec3<float,glm::packed_highp>'
D:\Stride\horizon\VS\horizonRender\code\include\render\camera.h(18,12): warning C4251: 'cameraKind::mView': struct 'glm::tmat4x4<float,glm::packed_highp>' needs to have dll-interface to be used by clients of class 'cameraKind'
D:\Stride\horizon\VS\horizonUtil\code\include\Ext\glm\detail\type_mat.hpp(304,10): message : see declaration of 'glm::tmat4x4<float,glm::packed_highp>'
D:\Stride\horizon\VS\horizonRender\code\include\render\camera.h(19,12): warning C4251: 'cameraKind::mProjection': struct 'glm::tmat4x4<float,glm::packed_highp>' needs to have dll-interface to be used by clients of class 'cameraKind'
D:\Stride\horizon\VS\horizonUtil\code\include\Ext\glm\detail\type_mat.hpp(304,10): message : see declaration of 'glm::tmat4x4<float,glm::packed_highp>'
D:\Stride\horizon\VS\horizonRender\code\include\render\camera.h(20,7): warning C4251: 'cameraKind::pos': struct 'glm::tvec3<float,glm::packed_highp>' needs to have dll-interface to be used by clients of class 'cameraKind'
D:\Stride\horizon\VS\horizonUtil\code\include\Ext\glm\detail\type_vec.hpp(243,10): message : see declaration of 'glm::tvec3<float,glm::packed_highp>'
D:\Stride\horizon\VS\horizonRender\code\include\render\camera.h(21,7): warning C4251: 'cameraKind::rot': struct 'glm::tvec3<float,glm::packed_highp>' needs to have dll-interface to be used by clients of class 'cameraKind'
D:\Stride\horizon\VS\horizonUtil\code\include\Ext\glm\detail\type_vec.hpp(243,10): message : see declaration of 'glm::tvec3<float,glm::packed_highp>'
D:\Stride\horizon\VS\horizonUtil\code\include\util\util.h(22,12): warning C4251: 'logmessage::msg': class 'std::basic_string<char,std::char_traits<char>,std::allocator<char>>' needs to have dll-interface to be used by clients of struct 'logmessage'
C:\Program Files\Microsoft Visual Studio\2022\Community\VC\Tools\MSVC\14.34.31933\include\xstring(5294,17): message : see declaration of 'std::basic_string<char,std::char_traits<char>,std::allocator<char>>'
D:\Stride\horizon\VS\horizonUtil\code\include\util\util.h(23,12): warning C4251: 'logmessage::file': class 'std::basic_string<char,std::char_traits<char>,std::allocator<char>>' needs to have dll-interface to be used by clients of struct 'logmessage'
C:\Program Files\Microsoft Visual Studio\2022\Community\VC\Tools\MSVC\14.34.31933\include\xstring(5294,17): message : see declaration of 'std::basic_string<char,std::char_traits<char>,std::allocator<char>>'
D:\Stride\horizon\VS\horizonUtil\code\include\util\util.h(31,45): warning C4275: non dll-interface class 'std::exception' used as base for dll-interface class 'exKind'
C:\Program Files\Microsoft Visual Studio\2022\Community\VC\Tools\MSVC\14.34.31933\include\vcruntime_exception.h(48,7): message : see declaration of 'std::exception'
D:\Stride\horizon\VS\horizonUtil\code\include\util\util.h(31,19): message : see declaration of 'exKind'
D:\Stride\horizon\VS\horizonRender\code\include\render\renderLayer.h(20,9): warning C4251: 'renderLayer::name': class 'std::basic_string<char,std::char_traits<char>,std::allocator<char>>' needs to have dll-interface to be used by clients of class 'renderLayer'
C:\Program Files\Microsoft Visual Studio\2022\Community\VC\Tools\MSVC\14.34.31933\include\xstring(5294,17): message : see declaration of 'std::basic_string<char,std::char_traits<char>,std::allocator<char>>'
D:\Stride\horizon\VS\horizonRender\code\include\render\renderLayer.h(35,15): warning C4251: 'renderLayer::queue3': class 'std::vector<renderCommand3 *,std::allocator<renderCommand3 *>>' needs to have dll-interface to be used by clients of class 'renderLayer'
D:\Stride\horizon\VS\horizonRender\code\include\render\renderLayer.h(16,9): message : see declaration of 'std::vector<renderCommand3 *,std::allocator<renderCommand3 *>>'
D:\Stride\horizon\VS\horizonRender\code\include\render\renderLayer.h(43,23): warning C4251: 'gs_renderLayerKind::g_all_layers': class 'std::vector<renderLayer *,std::allocator<renderLayer *>>' needs to have dll-interface to be used by clients of struct 'gs_renderLayerKind'
D:\Stride\horizon\VS\horizonRender\code\include\render\renderLayer.h(43,2): message : see declaration of 'std::vector<renderLayer *,std::allocator<renderLayer *>>'
D:\Stride\horizon\VS\horizonRender\code\include\render\renderLayer.h(44,23): warning C4251: 'gs_renderLayerKind::g_layers': class 'std::vector<renderLayer *,std::allocator<renderLayer *>>' needs to have dll-interface to be used by clients of struct 'gs_renderLayerKind'
D:\Stride\horizon\VS\horizonRender\code\include\render\renderLayer.h(43,2): message : see declaration of 'std::vector<renderLayer *,std::allocator<renderLayer *>>'
D:\Stride\horizon\VS\horizonRender\code\include\render\GPUdriver.h(14,18): warning C4099: 'RenderState': type name first seen using 'struct' now seen using 'class'
D:\Stride\horizon\VS\horizonRender\code\include\render\RenderState.h(7,22): message : see declaration of 'RenderState'
D:\Stride\horizon\VS\horizonRender\code\include\render\GPUdriver.h(16,31): warning C4099: 'GPUdriver': type name first seen using 'struct' now seen using 'class'
D:\Stride\horizon\VS\horizonRender\code\include\render\GPUdriver.h(16,21): message : see declaration of 'GPUdriver'
D:\Stride\horizon\VS\horizonRender\code\include\render\RenderState.cpp(138,1): warning C4067: unexpected tokens following preprocessor directive - expected a newline
D:\Stride\horizon\VS\horizonRender\code\include\render\RenderState.cpp(153,1): warning C4067: unexpected tokens following preprocessor directive - expected a newline
  GPUdriverSoft.cpp
D:\Stride\horizon\VS\horizonUtil\code\include\math\vec.h(83,7): warning C4251: 'rect::start': struct 'glm::tvec2<float,glm::packed_highp>' needs to have dll-interface to be used by clients of struct 'rect'
D:\Stride\horizon\VS\horizonUtil\code\include\Ext\glm\detail\type_vec.hpp(133,10): message : see declaration of 'glm::tvec2<float,glm::packed_highp>'
D:\Stride\horizon\VS\horizonUtil\code\include\math\vec.h(84,7): warning C4251: 'rect::end': struct 'glm::tvec2<float,glm::packed_highp>' needs to have dll-interface to be used by clients of struct 'rect'
D:\Stride\horizon\VS\horizonUtil\code\include\Ext\glm\detail\type_vec.hpp(133,10): message : see declaration of 'glm::tvec2<float,glm::packed_highp>'
D:\Stride\horizon\VS\horizonUtil\code\include\math\vec.h(85,7): warning C4251: 'rect::size': struct 'glm::tvec2<float,glm::packed_highp>' needs to have dll-interface to be used by clients of struct 'rect'
D:\Stride\horizon\VS\horizonUtil\code\include\Ext\glm\detail\type_vec.hpp(133,10): message : see declaration of 'glm::tvec2<float,glm::packed_highp>'
D:\Stride\horizon\VS\horizonUtil\code\include\math\vec.h(113,7): warning C4251: 'AABB::start': struct 'glm::tvec3<float,glm::packed_highp>' needs to have dll-interface to be used by clients of struct 'AABB'
D:\Stride\horizon\VS\horizonUtil\code\include\Ext\glm\detail\type_vec.hpp(243,10): message : see declaration of 'glm::tvec3<float,glm::packed_highp>'
D:\Stride\horizon\VS\horizonUtil\code\include\math\vec.h(114,7): warning C4251: 'AABB::end': struct 'glm::tvec3<float,glm::packed_highp>' needs to have dll-interface to be used by clients of struct 'AABB'
D:\Stride\horizon\VS\horizonUtil\code\include\Ext\glm\detail\type_vec.hpp(243,10): message : see declaration of 'glm::tvec3<float,glm::packed_highp>'
D:\Stride\horizon\VS\horizonUtil\code\include\math\vec.h(115,7): warning C4251: 'AABB::size': struct 'glm::tvec3<float,glm::packed_highp>' needs to have dll-interface to be used by clients of struct 'AABB'
D:\Stride\horizon\VS\horizonUtil\code\include\Ext\glm\detail\type_vec.hpp(243,10): message : see declaration of 'glm::tvec3<float,glm::packed_highp>'
D:\Stride\horizon\VS\horizonRender\code\include\render\camera.h(10,7): warning C4251: 'camprojection::MVP': struct 'glm::tmat4x4<float,glm::packed_highp>' needs to have dll-interface to be used by clients of struct 'camprojection'
D:\Stride\horizon\VS\horizonUtil\code\include\Ext\glm\detail\type_mat.hpp(304,10): message : see declaration of 'glm::tmat4x4<float,glm::packed_highp>'
D:\Stride\horizon\VS\horizonRender\code\include\render\camera.h(11,7): warning C4251: 'camprojection::pos': struct 'glm::tvec3<float,glm::packed_highp>' needs to have dll-interface to be used by clients of struct 'camprojection'
D:\Stride\horizon\VS\horizonUtil\code\include\Ext\glm\detail\type_vec.hpp(243,10): message : see declaration of 'glm::tvec3<float,glm::packed_highp>'
D:\Stride\horizon\VS\horizonRender\code\include\render\camera.h(18,12): warning C4251: 'cameraKind::mView': struct 'glm::tmat4x4<float,glm::packed_highp>' needs to have dll-interface to be used by clients of class 'cameraKind'
D:\Stride\horizon\VS\horizonUtil\code\include\Ext\glm\detail\type_mat.hpp(304,10): message : see declaration of 'glm::tmat4x4<float,glm::packed_highp>'
D:\Stride\horizon\VS\horizonRender\code\include\render\camera.h(19,12): warning C4251: 'cameraKind::mProjection': struct 'glm::tmat4x4<float,glm::packed_highp>' needs to have dll-interface to be used by clients of class 'cameraKind'
D:\Stride\horizon\VS\horizonUtil\code\include\Ext\glm\detail\type_mat.hpp(304,10): message : see declaration of 'glm::tmat4x4<float,glm::packed_highp>'
D:\Stride\horizon\VS\horizonRender\code\include\render\camera.h(20,7): warning C4251: 'cameraKind::pos': struct 'glm::tvec3<float,glm::packed_highp>' needs to have dll-interface to be used by clients of class 'cameraKind'
D:\Stride\horizon\VS\horizonUtil\code\include\Ext\glm\detail\type_vec.hpp(243,10): message : see declaration of 'glm::tvec3<float,glm::packed_highp>'
D:\Stride\horizon\VS\horizonRender\code\include\render\camera.h(21,7): warning C4251: 'cameraKind::rot': struct 'glm::tvec3<float,glm::packed_highp>' needs to have dll-interface to be used by clients of class 'cameraKind'
D:\Stride\horizon\VS\horizonUtil\code\include\Ext\glm\detail\type_vec.hpp(243,10): message : see declaration of 'glm::tvec3<float,glm::packed_highp>'
D:\Stride\horizon\VS\horizonUtil\code\include\util\util.h(22,12): warning C4251: 'logmessage::msg': class 'std::basic_string<char,std::char_traits<char>,std::allocator<char>>' needs to have dll-interface to be used by clients of struct 'logmessage'
C:\Program Files\Microsoft Visual Studio\2022\Community\VC\Tools\MSVC\14.34.31933\include\xstring(5294,17): message : see declaration of 'std::basic_string<char,std::char_traits<char>,std::allocator<char>>'
D:\Stride\horizon\VS\horizonUtil\code\include\util\util.h(23,12): warning C4251: 'logmessage::file': class 'std::basic_string<char,std::char_traits<char>,std::allocator<char>>' needs to have dll-interface to be used by clients of struct 'logmessage'
C:\Program Files\Microsoft Visual Studio\2022\Community\VC\Tools\MSVC\14.34.31933\include\xstring(5294,17): message : see declaration of 'std::basic_string<char,std::char_traits<char>,std::allocator<char>>'
D:\Stride\horizon\VS\horizonUtil\code\include\util\util.h(31,45): warning C4275: non dll-interface class 'std::exception' used as base for dll-interface class 'exKind'
C:\Program Files\Microsoft Visual Studio\2022\Community\VC\Tools\MSVC\14.34.31933\include\vcruntime_exception.h(48,7): message : see declaration of 'std::exception'
D:\Stride\horizon\VS\horizonUtil\code\include\util\util.h(31,19): message : see declaration of 'exKind'
D:\Stride\horizon\VS\horizonRender\code\include\render\renderLayer.h(20,9): warning C4251: 'renderLayer::name': class 'std::basic_string<char,std::char_traits<char>,std::allocator<char>>' needs to have dll-interface to be used by clients of class 'renderLayer'
C:\Program Files\Microsoft Visual Studio\2022\Community\VC\Tools\MSVC\14.34.31933\include\xstring(5294,17): message : see declaration of 'std::basic_string<char,std::char_traits<char>,std::allocator<char>>'
D:\Stride\horizon\VS\horizonRender\code\include\render\renderLayer.h(35,15): warning C4251: 'renderLayer::queue3': class 'std::vector<renderCommand3 *,std::allocator<renderCommand3 *>>' needs to have dll-interface to be used by clients of class 'renderLayer'
D:\Stride\horizon\VS\horizonRender\code\include\render\renderLayer.h(16,9): message : see declaration of 'std::vector<renderCommand3 *,std::allocator<renderCommand3 *>>'
D:\Stride\horizon\VS\horizonRender\code\include\render\renderLayer.h(43,23): warning C4251: 'gs_renderLayerKind::g_all_layers': class 'std::vector<renderLayer *,std::allocator<renderLayer *>>' needs to have dll-interface to be used by clients of struct 'gs_renderLayerKind'
D:\Stride\horizon\VS\horizonRender\code\include\render\renderLayer.h(43,2): message : see declaration of 'std::vector<renderLayer *,std::allocator<renderLayer *>>'
D:\Stride\horizon\VS\horizonRender\code\include\render\renderLayer.h(44,23): warning C4251: 'gs_renderLayerKind::g_layers': class 'std::vector<renderLayer *,std::allocator<renderLayer *>>' needs to have dll-interface to be used by clients of struct 'gs_renderLayerKind'
D:\Stride\horizon\VS\horizonRender\code\include\render\renderLayer.h(43,2): message : see declaration of 'std::vector<renderLayer *,std::allocator<renderLayer *>>'
D:\Stride\horizon\VS\horizonResource\code\include\resource\fonts.h(20,9): warning C4251: 'font::name': class 'std::basic_string<char,std::char_traits<char>,std::allocator<char>>' needs to have dll-interface to be used by clients of struct 'font'
C:\Program Files\Microsoft Visual Studio\2022\Community\VC\Tools\MSVC\14.34.31933\include\xstring(5294,17): message : see declaration of 'std::basic_string<char,std::char_traits<char>,std::allocator<char>>'
D:\Stride\horizon\VS\horizonResource\code\include\resource\fonts.h(22,18): warning C4251: 'font::charmap': class 'std::map<char,glyph,std::less<char>,std::allocator<std::pair<const char,glyph>>>' needs to have dll-interface to be used by clients of struct 'font'
D:\Stride\horizon\VS\horizonResource\code\include\resource\fonts.h(22,2): message : see declaration of 'std::map<char,glyph,std::less<char>,std::allocator<std::pair<const char,glyph>>>'
D:\Stride\horizon\VS\horizonRender\code\include\render\RenderState.h(5,31): warning C4099: 'GPUdriver': type name first seen using 'class' now seen using 'struct'
D:\Stride\horizon\VS\horizonRender\code\include\render\GPUdriver.h(16,21): message : see declaration of 'GPUdriver'
D:\Stride\horizon\VS\horizonRender\code\include\render\RenderState.h(7,34): warning C4099: 'RenderState': type name first seen using 'class' now seen using 'struct'
D:\Stride\horizon\VS\horizonRender\code\include\render\RenderState.h(7,22): message : see declaration of 'RenderState'
D:\Stride\horizon\VS\horizonRender\code\include\render\RenderState.h(13,7): warning C4251: 'RenderState::textPos': struct 'glm::tvec2<float,glm::packed_highp>' needs to have dll-interface to be used by clients of struct 'RenderState'
D:\Stride\horizon\VS\horizonUtil\code\include\Ext\glm\detail\type_vec.hpp(133,10): message : see declaration of 'glm::tvec2<float,glm::packed_highp>'
D:\Stride\horizon\VS\horizonRender\code\include\render\RenderState.h(14,7): warning C4251: 'RenderState::pos': struct 'glm::tvec3<float,glm::packed_highp>' needs to have dll-interface to be used by clients of struct 'RenderState'
D:\Stride\horizon\VS\horizonUtil\code\include\Ext\glm\detail\type_vec.hpp(243,10): message : see declaration of 'glm::tvec3<float,glm::packed_highp>'
D:\Stride\horizon\VS\horizonRender\code\include\render\RenderState.h(15,7): warning C4251: 'RenderState::rot': struct 'glm::tvec3<float,glm::packed_highp>' needs to have dll-interface to be used by clients of struct 'RenderState'
D:\Stride\horizon\VS\horizonUtil\code\include\Ext\glm\detail\type_vec.hpp(243,10): message : see declaration of 'glm::tvec3<float,glm::packed_highp>'
D:\Stride\horizon\VS\horizonRender\code\include\render\RenderState.h(16,7): warning C4251: 'RenderState::scale': struct 'glm::tvec3<float,glm::packed_highp>' needs to have dll-interface to be used by clients of struct 'RenderState'
D:\Stride\horizon\VS\horizonUtil\code\include\Ext\glm\detail\type_vec.hpp(243,10): message : see declaration of 'glm::tvec3<float,glm::packed_highp>'
D:\Stride\horizon\VS\horizonRender\code\include\render\RenderState.h(17,7): warning C4251: 'RenderState::VP': struct 'glm::tmat4x4<float,glm::packed_highp>' needs to have dll-interface to be used by clients of struct 'RenderState'
D:\Stride\horizon\VS\horizonUtil\code\include\Ext\glm\detail\type_mat.hpp(304,10): message : see declaration of 'glm::tmat4x4<float,glm::packed_highp>'
D:\Stride\horizon\VS\horizonRender\code\include\render\RenderState.h(18,7): warning C4251: 'RenderState::camPos': struct 'glm::tvec3<float,glm::packed_highp>' needs to have dll-interface to be used by clients of struct 'RenderState'
D:\Stride\horizon\VS\horizonUtil\code\include\Ext\glm\detail\type_vec.hpp(243,10): message : see declaration of 'glm::tvec3<float,glm::packed_highp>'
D:\Stride\horizon\VS\horizonRender\code\include\render\RenderState.h(29,7): warning C4251: 'RenderState::texture_pos': struct 'glm::tvec2<float,glm::packed_highp>' needs to have dll-interface to be used by clients of struct 'RenderState'
D:\Stride\horizon\VS\horizonUtil\code\include\Ext\glm\detail\type_vec.hpp(133,10): message : see declaration of 'glm::tvec2<float,glm::packed_highp>'
D:\Stride\horizon\VS\horizonRender\code\include\render\RenderState.h(30,7): warning C4251: 'RenderState::texture_scale': struct 'glm::tvec2<float,glm::packed_highp>' needs to have dll-interface to be used by clients of struct 'RenderState'
D:\Stride\horizon\VS\horizonUtil\code\include\Ext\glm\detail\type_vec.hpp(133,10): message : see declaration of 'glm::tvec2<float,glm::packed_highp>'
D:\Stride\horizon\VS\horizonRender\code\include\render\RenderState.h(33,7): warning C4251: 'RenderState::color': struct 'glm::tvec3<float,glm::packed_highp>' needs to have dll-interface to be used by clients of struct 'RenderState'
D:\Stride\horizon\VS\horizonUtil\code\include\Ext\glm\detail\type_vec.hpp(243,10): message : see declaration of 'glm::tvec3<float,glm::packed_highp>'
D:\Stride\horizon\VS\horizonRender\code\include\render\RenderState.h(39,7): warning C4251: 'RenderState::sun_pos': struct 'glm::tvec3<float,glm::packed_highp>' needs to have dll-interface to be used by clients of struct 'RenderState'
D:\Stride\horizon\VS\horizonUtil\code\include\Ext\glm\detail\type_vec.hpp(243,10): message : see declaration of 'glm::tvec3<float,glm::packed_highp>'
D:\Stride\horizon\VS\horizonRender\code\include\render\RenderState.h(40,7): warning C4251: 'RenderState::sun_light_color': struct 'glm::tvec3<float,glm::packed_highp>' needs to have dll-interface to be used by clients of struct 'RenderState'
D:\Stride\horizon\VS\horizonUtil\code\include\Ext\glm\detail\type_vec.hpp(243,10): message : see declaration of 'glm::tvec3<float,glm::packed_highp>'
D:\Stride\horizon\VS\horizonRender\code\include\render\RenderState.h(41,7): warning C4251: 'RenderState::ambient_light_color': struct 'glm::tvec3<float,glm::packed_highp>' needs to have dll-interface to be used by clients of struct 'RenderState'
D:\Stride\horizon\VS\horizonUtil\code\include\Ext\glm\detail\type_vec.hpp(243,10): message : see declaration of 'glm::tvec3<float,glm::packed_highp>'
D:\Stride\horizon\VS\horizonRender\code\include\render\RenderState.h(55,22): warning C4251: 'RenderStateStack::stack': class 'std::vector<RenderState,std::allocator<RenderState>>' needs to have dll-interface to be used by clients of struct 'RenderStateStack'
D:\Stride\horizon\VS\horizonRender\code\include\render\RenderState.h(55,2): message : see declaration of 'std::vector<RenderState,std::allocator<RenderState>>'
  Generating Code...
     Creating library ..\..\bin\horizonRender.lib and object ..\..\bin\horizonRender.exp
  horizonRender.vcxproj -> D:\Stride\horizon\bin\horizonRender.dll
